<?xml version="1.0" encoding="UTF-8"?>
<!-- Generated by org.testng.reporters.JUnitReportReporter -->
<testsuite hostname="BLT1029" name="jpetStore_testcases.JpetStoreSearch" tests="2" failures="0" timestamp="9 Mar 2020 08:32:40 GMT" time="4.330" errors="0">
  <testcase name="search1" time="2.734" classname="jpetStore_testcases.JpetStoreSearch"/>
  <testcase name="search2" time="1.596" classname="jpetStore_testcases.JpetStoreSearch"/>
</testsuite> <!-- jpetStore_testcases.JpetStoreSearch -->
